<?xml version="1.0" encoding="UTF-8" ?>
<testsuite tests="10" failures="0" name="test.java.test.java.com.google.sps.FindMatchQueryTest" time="0.029" errors="0" skipped="0">
  <properties>
[...]
</properties>
  <testcase classname="test.java.test.java.com.google.sps.FindMatchQueryTest" name="compatibleTime" time="0.021"/>
  <testcase classname="test.java.test.java.com.google.sps.FindMatchQueryTest" name="barelyNotCompatible" time="0"/>
  <testcase classname="test.java.test.java.com.google.sps.FindMatchQueryTest" name="compatibleDiffTimezones" time="0.007"/>
  <testcase classname="test.java.test.java.com.google.sps.FindMatchQueryTest" name="barelyCompatible" time="0"/>
  <testcase classname="test.java.test.java.com.google.sps.FindMatchQueryTest" name="compatibleWithoutConsideringTimezone" time="0"/>
  <testcase classname="test.java.test.java.com.google.sps.FindMatchQueryTest" name="compatibleTimeAndDuration" time="0.001"/>
  <testcase classname="test.java.test.java.com.google.sps.FindMatchQueryTest" name="threeParticipantsAC" time="0"/>
  <testcase classname="test.java.test.java.com.google.sps.FindMatchQueryTest" name="threeParticipantsBC" time="0"/>
  <testcase classname="test.java.test.java.com.google.sps.FindMatchQueryTest" name="threeParticipantsTwoMatches" time="0"/>
  <testcase classname="test.java.test.java.com.google.sps.FindMatchQueryTest" name="compatibleDuration" time="0"/>
</testsuite>